Determining if the floorf exist failed with the following output:
Change Dir: /home/nicholasweist/cps230/program1/cps230-prog1-AspiringIT/build/CMakeFiles/CMakeTmp

Run Build Command(s):/usr/bin/gmake -f Makefile cmTC_d1335/fast && /usr/bin/gmake  -f CMakeFiles/cmTC_d1335.dir/build.make CMakeFiles/cmTC_d1335.dir/build
gmake[1]: Entering directory '/home/nicholasweist/cps230/program1/cps230-prog1-AspiringIT/build/CMakeFiles/CMakeTmp'
Building C object CMakeFiles/cmTC_d1335.dir/CheckSymbolExists.c.o
/usr/bin/cc    -o CMakeFiles/cmTC_d1335.dir/CheckSymbolExists.c.o -c /home/nicholasweist/cps230/program1/cps230-prog1-AspiringIT/build/CMakeFiles/CMakeTmp/CheckSymbolExists.c
Linking C executable cmTC_d1335
/usr/bin/cmake -E cmake_link_script CMakeFiles/cmTC_d1335.dir/link.txt --verbose=1
/usr/bin/cc CMakeFiles/cmTC_d1335.dir/CheckSymbolExists.c.o -o cmTC_d1335 
/usr/bin/ld: CMakeFiles/cmTC_d1335.dir/CheckSymbolExists.c.o: in function `main':
CheckSymbolExists.c:(.text+0x1f): undefined reference to `floorf'
collect2: error: ld returned 1 exit status
gmake[1]: *** [CMakeFiles/cmTC_d1335.dir/build.make:99: cmTC_d1335] Error 1
gmake[1]: Leaving directory '/home/nicholasweist/cps230/program1/cps230-prog1-AspiringIT/build/CMakeFiles/CMakeTmp'
gmake: *** [Makefile:127: cmTC_d1335/fast] Error 2


File /home/nicholasweist/cps230/program1/cps230-prog1-AspiringIT/build/CMakeFiles/CMakeTmp/CheckSymbolExists.c:
/* */
#include <math.h>

int main(int argc, char** argv)
{
  (void)argv;
#ifndef floorf
  return ((int*)(&floorf))[argc];
#else
  (void)argc;
  return 0;
#endif
}
Determining if the floorf exist failed with the following output:
Change Dir: /home/nicholasweist/cps230/program1/cps230-prog1-AspiringIT/build/CMakeFiles/CMakeTmp

Run Build Command(s):/usr/bin/gmake -f Makefile cmTC_ce83f/fast && /usr/bin/gmake  -f CMakeFiles/cmTC_ce83f.dir/build.make CMakeFiles/cmTC_ce83f.dir/build
gmake[1]: Entering directory '/home/nicholasweist/cps230/program1/cps230-prog1-AspiringIT/build/CMakeFiles/CMakeTmp'
Building C object CMakeFiles/cmTC_ce83f.dir/CheckSymbolExists.c.o
/usr/bin/cc    -o CMakeFiles/cmTC_ce83f.dir/CheckSymbolExists.c.o -c /home/nicholasweist/cps230/program1/cps230-prog1-AspiringIT/build/CMakeFiles/CMakeTmp/CheckSymbolExists.c
Linking C executable cmTC_ce83f
/usr/bin/cmake -E cmake_link_script CMakeFiles/cmTC_ce83f.dir/link.txt --verbose=1
/usr/bin/cc CMakeFiles/cmTC_ce83f.dir/CheckSymbolExists.c.o -o cmTC_ce83f 
/usr/bin/ld: CMakeFiles/cmTC_ce83f.dir/CheckSymbolExists.c.o: in function `main':
CheckSymbolExists.c:(.text+0x1f): undefined reference to `floorf'
collect2: error: ld returned 1 exit status
gmake[1]: *** [CMakeFiles/cmTC_ce83f.dir/build.make:99: cmTC_ce83f] Error 1
gmake[1]: Leaving directory '/home/nicholasweist/cps230/program1/cps230-prog1-AspiringIT/build/CMakeFiles/CMakeTmp'
gmake: *** [Makefile:127: cmTC_ce83f/fast] Error 2


File /home/nicholasweist/cps230/program1/cps230-prog1-AspiringIT/build/CMakeFiles/CMakeTmp/CheckSymbolExists.c:
/* */
#include <math.h>

int main(int argc, char** argv)
{
  (void)argv;
#ifndef floorf
  return ((int*)(&floorf))[argc];
#else
  (void)argc;
  return 0;
#endif
}
Determining if the floorf exist failed with the following output:
Change Dir: /home/nicholasweist/cps230/program1/cps230-prog1-AspiringIT/build/CMakeFiles/CMakeTmp

Run Build Command(s):/usr/bin/gmake -f Makefile cmTC_b34ae/fast && /usr/bin/gmake  -f CMakeFiles/cmTC_b34ae.dir/build.make CMakeFiles/cmTC_b34ae.dir/build
gmake[1]: Entering directory '/home/nicholasweist/cps230/program1/cps230-prog1-AspiringIT/build/CMakeFiles/CMakeTmp'
Building C object CMakeFiles/cmTC_b34ae.dir/CheckSymbolExists.c.o
/usr/bin/cc    -o CMakeFiles/cmTC_b34ae.dir/CheckSymbolExists.c.o -c /home/nicholasweist/cps230/program1/cps230-prog1-AspiringIT/build/CMakeFiles/CMakeTmp/CheckSymbolExists.c
Linking C executable cmTC_b34ae
/usr/bin/cmake -E cmake_link_script CMakeFiles/cmTC_b34ae.dir/link.txt --verbose=1
/usr/bin/cc CMakeFiles/cmTC_b34ae.dir/CheckSymbolExists.c.o -o cmTC_b34ae 
/usr/bin/ld: CMakeFiles/cmTC_b34ae.dir/CheckSymbolExists.c.o: in function `main':
CheckSymbolExists.c:(.text+0x1f): undefined reference to `floorf'
collect2: error: ld returned 1 exit status
gmake[1]: *** [CMakeFiles/cmTC_b34ae.dir/build.make:99: cmTC_b34ae] Error 1
gmake[1]: Leaving directory '/home/nicholasweist/cps230/program1/cps230-prog1-AspiringIT/build/CMakeFiles/CMakeTmp'
gmake: *** [Makefile:127: cmTC_b34ae/fast] Error 2


File /home/nicholasweist/cps230/program1/cps230-prog1-AspiringIT/build/CMakeFiles/CMakeTmp/CheckSymbolExists.c:
/* */
#include <math.h>

int main(int argc, char** argv)
{
  (void)argv;
#ifndef floorf
  return ((int*)(&floorf))[argc];
#else
  (void)argc;
  return 0;
#endif
}
Determining if the floorf exist failed with the following output:
Change Dir: /home/nicholasweist/cps230/program1/cps230-prog1-AspiringIT/build/CMakeFiles/CMakeTmp

Run Build Command(s):/usr/bin/gmake -f Makefile cmTC_8a20e/fast && /usr/bin/gmake  -f CMakeFiles/cmTC_8a20e.dir/build.make CMakeFiles/cmTC_8a20e.dir/build
gmake[1]: Entering directory '/home/nicholasweist/cps230/program1/cps230-prog1-AspiringIT/build/CMakeFiles/CMakeTmp'
Building C object CMakeFiles/cmTC_8a20e.dir/CheckSymbolExists.c.o
/usr/bin/cc    -o CMakeFiles/cmTC_8a20e.dir/CheckSymbolExists.c.o -c /home/nicholasweist/cps230/program1/cps230-prog1-AspiringIT/build/CMakeFiles/CMakeTmp/CheckSymbolExists.c
Linking C executable cmTC_8a20e
/usr/bin/cmake -E cmake_link_script CMakeFiles/cmTC_8a20e.dir/link.txt --verbose=1
/usr/bin/cc CMakeFiles/cmTC_8a20e.dir/CheckSymbolExists.c.o -o cmTC_8a20e 
/usr/bin/ld: CMakeFiles/cmTC_8a20e.dir/CheckSymbolExists.c.o: in function `main':
CheckSymbolExists.c:(.text+0x1f): undefined reference to `floorf'
collect2: error: ld returned 1 exit status
gmake[1]: *** [CMakeFiles/cmTC_8a20e.dir/build.make:99: cmTC_8a20e] Error 1
gmake[1]: Leaving directory '/home/nicholasweist/cps230/program1/cps230-prog1-AspiringIT/build/CMakeFiles/CMakeTmp'
gmake: *** [Makefile:127: cmTC_8a20e/fast] Error 2


File /home/nicholasweist/cps230/program1/cps230-prog1-AspiringIT/build/CMakeFiles/CMakeTmp/CheckSymbolExists.c:
/* */
#include <math.h>

int main(int argc, char** argv)
{
  (void)argv;
#ifndef floorf
  return ((int*)(&floorf))[argc];
#else
  (void)argc;
  return 0;
#endif
}
Determining if the floorf exist failed with the following output:
Change Dir: /home/nicholasweist/cps230/program1/cps230-prog1-AspiringIT/build/CMakeFiles/CMakeTmp

Run Build Command(s):/usr/bin/gmake -f Makefile cmTC_62c7e/fast && /usr/bin/gmake  -f CMakeFiles/cmTC_62c7e.dir/build.make CMakeFiles/cmTC_62c7e.dir/build
gmake[1]: Entering directory '/home/nicholasweist/cps230/program1/cps230-prog1-AspiringIT/build/CMakeFiles/CMakeTmp'
Building C object CMakeFiles/cmTC_62c7e.dir/CheckSymbolExists.c.o
/usr/bin/cc    -o CMakeFiles/cmTC_62c7e.dir/CheckSymbolExists.c.o -c /home/nicholasweist/cps230/program1/cps230-prog1-AspiringIT/build/CMakeFiles/CMakeTmp/CheckSymbolExists.c
Linking C executable cmTC_62c7e
/usr/bin/cmake -E cmake_link_script CMakeFiles/cmTC_62c7e.dir/link.txt --verbose=1
/usr/bin/cc CMakeFiles/cmTC_62c7e.dir/CheckSymbolExists.c.o -o cmTC_62c7e 
/usr/bin/ld: CMakeFiles/cmTC_62c7e.dir/CheckSymbolExists.c.o: in function `main':
CheckSymbolExists.c:(.text+0x1f): undefined reference to `floorf'
collect2: error: ld returned 1 exit status
gmake[1]: *** [CMakeFiles/cmTC_62c7e.dir/build.make:99: cmTC_62c7e] Error 1
gmake[1]: Leaving directory '/home/nicholasweist/cps230/program1/cps230-prog1-AspiringIT/build/CMakeFiles/CMakeTmp'
gmake: *** [Makefile:127: cmTC_62c7e/fast] Error 2


File /home/nicholasweist/cps230/program1/cps230-prog1-AspiringIT/build/CMakeFiles/CMakeTmp/CheckSymbolExists.c:
/* */
#include <math.h>

int main(int argc, char** argv)
{
  (void)argv;
#ifndef floorf
  return ((int*)(&floorf))[argc];
#else
  (void)argc;
  return 0;
#endif
}
Determining if the floorf exist failed with the following output:
Change Dir: /home/nicholasweist/cps230/program1/cps230-prog1-AspiringIT/build/CMakeFiles/CMakeTmp

Run Build Command(s):/usr/bin/gmake -f Makefile cmTC_b0086/fast && /usr/bin/gmake  -f CMakeFiles/cmTC_b0086.dir/build.make CMakeFiles/cmTC_b0086.dir/build
gmake[1]: Entering directory '/home/nicholasweist/cps230/program1/cps230-prog1-AspiringIT/build/CMakeFiles/CMakeTmp'
Building C object CMakeFiles/cmTC_b0086.dir/CheckSymbolExists.c.o
/usr/bin/cc    -o CMakeFiles/cmTC_b0086.dir/CheckSymbolExists.c.o -c /home/nicholasweist/cps230/program1/cps230-prog1-AspiringIT/build/CMakeFiles/CMakeTmp/CheckSymbolExists.c
Linking C executable cmTC_b0086
/usr/bin/cmake -E cmake_link_script CMakeFiles/cmTC_b0086.dir/link.txt --verbose=1
/usr/bin/cc CMakeFiles/cmTC_b0086.dir/CheckSymbolExists.c.o -o cmTC_b0086 
/usr/bin/ld: CMakeFiles/cmTC_b0086.dir/CheckSymbolExists.c.o: in function `main':
CheckSymbolExists.c:(.text+0x1f): undefined reference to `floorf'
collect2: error: ld returned 1 exit status
gmake[1]: *** [CMakeFiles/cmTC_b0086.dir/build.make:99: cmTC_b0086] Error 1
gmake[1]: Leaving directory '/home/nicholasweist/cps230/program1/cps230-prog1-AspiringIT/build/CMakeFiles/CMakeTmp'
gmake: *** [Makefile:127: cmTC_b0086/fast] Error 2


File /home/nicholasweist/cps230/program1/cps230-prog1-AspiringIT/build/CMakeFiles/CMakeTmp/CheckSymbolExists.c:
/* */
#include <math.h>

int main(int argc, char** argv)
{
  (void)argv;
#ifndef floorf
  return ((int*)(&floorf))[argc];
#else
  (void)argc;
  return 0;
#endif
}
Determining if the floorf exist failed with the following output:
Change Dir: /home/nicholasweist/cps230/program1/cps230-prog1-AspiringIT/build/CMakeFiles/CMakeTmp

Run Build Command(s):/usr/bin/gmake -f Makefile cmTC_a4352/fast && /usr/bin/gmake  -f CMakeFiles/cmTC_a4352.dir/build.make CMakeFiles/cmTC_a4352.dir/build
gmake[1]: Entering directory '/home/nicholasweist/cps230/program1/cps230-prog1-AspiringIT/build/CMakeFiles/CMakeTmp'
Building C object CMakeFiles/cmTC_a4352.dir/CheckSymbolExists.c.o
/usr/bin/cc    -o CMakeFiles/cmTC_a4352.dir/CheckSymbolExists.c.o -c /home/nicholasweist/cps230/program1/cps230-prog1-AspiringIT/build/CMakeFiles/CMakeTmp/CheckSymbolExists.c
Linking C executable cmTC_a4352
/usr/bin/cmake -E cmake_link_script CMakeFiles/cmTC_a4352.dir/link.txt --verbose=1
/usr/bin/cc CMakeFiles/cmTC_a4352.dir/CheckSymbolExists.c.o -o cmTC_a4352 
/usr/bin/ld: CMakeFiles/cmTC_a4352.dir/CheckSymbolExists.c.o: in function `main':
CheckSymbolExists.c:(.text+0x1f): undefined reference to `floorf'
collect2: error: ld returned 1 exit status
gmake[1]: *** [CMakeFiles/cmTC_a4352.dir/build.make:99: cmTC_a4352] Error 1
gmake[1]: Leaving directory '/home/nicholasweist/cps230/program1/cps230-prog1-AspiringIT/build/CMakeFiles/CMakeTmp'
gmake: *** [Makefile:127: cmTC_a4352/fast] Error 2


File /home/nicholasweist/cps230/program1/cps230-prog1-AspiringIT/build/CMakeFiles/CMakeTmp/CheckSymbolExists.c:
/* */
#include <math.h>

int main(int argc, char** argv)
{
  (void)argv;
#ifndef floorf
  return ((int*)(&floorf))[argc];
#else
  (void)argc;
  return 0;
#endif
}
Determining if the floorf exist failed with the following output:
Change Dir: /home/nicholasweist/cps230/program1/cps230-prog1-AspiringIT/build/CMakeFiles/CMakeTmp

Run Build Command(s):/usr/bin/gmake -f Makefile cmTC_e0cc8/fast && /usr/bin/gmake  -f CMakeFiles/cmTC_e0cc8.dir/build.make CMakeFiles/cmTC_e0cc8.dir/build
gmake[1]: Entering directory '/home/nicholasweist/cps230/program1/cps230-prog1-AspiringIT/build/CMakeFiles/CMakeTmp'
Building C object CMakeFiles/cmTC_e0cc8.dir/CheckSymbolExists.c.o
/usr/bin/cc    -o CMakeFiles/cmTC_e0cc8.dir/CheckSymbolExists.c.o -c /home/nicholasweist/cps230/program1/cps230-prog1-AspiringIT/build/CMakeFiles/CMakeTmp/CheckSymbolExists.c
Linking C executable cmTC_e0cc8
/usr/bin/cmake -E cmake_link_script CMakeFiles/cmTC_e0cc8.dir/link.txt --verbose=1
/usr/bin/cc CMakeFiles/cmTC_e0cc8.dir/CheckSymbolExists.c.o -o cmTC_e0cc8 
/usr/bin/ld: CMakeFiles/cmTC_e0cc8.dir/CheckSymbolExists.c.o: in function `main':
CheckSymbolExists.c:(.text+0x1f): undefined reference to `floorf'
collect2: error: ld returned 1 exit status
gmake[1]: *** [CMakeFiles/cmTC_e0cc8.dir/build.make:99: cmTC_e0cc8] Error 1
gmake[1]: Leaving directory '/home/nicholasweist/cps230/program1/cps230-prog1-AspiringIT/build/CMakeFiles/CMakeTmp'
gmake: *** [Makefile:127: cmTC_e0cc8/fast] Error 2


File /home/nicholasweist/cps230/program1/cps230-prog1-AspiringIT/build/CMakeFiles/CMakeTmp/CheckSymbolExists.c:
/* */
#include <math.h>

int main(int argc, char** argv)
{
  (void)argv;
#ifndef floorf
  return ((int*)(&floorf))[argc];
#else
  (void)argc;
  return 0;
#endif
}
Determining if the floorf exist failed with the following output:
Change Dir: /home/nicholasweist/cps230/program1/cps230-prog1-AspiringIT/build/CMakeFiles/CMakeTmp

Run Build Command(s):/usr/bin/gmake -f Makefile cmTC_83936/fast && /usr/bin/gmake  -f CMakeFiles/cmTC_83936.dir/build.make CMakeFiles/cmTC_83936.dir/build
gmake[1]: Entering directory '/home/nicholasweist/cps230/program1/cps230-prog1-AspiringIT/build/CMakeFiles/CMakeTmp'
Building C object CMakeFiles/cmTC_83936.dir/CheckSymbolExists.c.o
/usr/bin/cc    -o CMakeFiles/cmTC_83936.dir/CheckSymbolExists.c.o -c /home/nicholasweist/cps230/program1/cps230-prog1-AspiringIT/build/CMakeFiles/CMakeTmp/CheckSymbolExists.c
Linking C executable cmTC_83936
/usr/bin/cmake -E cmake_link_script CMakeFiles/cmTC_83936.dir/link.txt --verbose=1
/usr/bin/cc CMakeFiles/cmTC_83936.dir/CheckSymbolExists.c.o -o cmTC_83936 
/usr/bin/ld: CMakeFiles/cmTC_83936.dir/CheckSymbolExists.c.o: in function `main':
CheckSymbolExists.c:(.text+0x1f): undefined reference to `floorf'
collect2: error: ld returned 1 exit status
gmake[1]: *** [CMakeFiles/cmTC_83936.dir/build.make:99: cmTC_83936] Error 1
gmake[1]: Leaving directory '/home/nicholasweist/cps230/program1/cps230-prog1-AspiringIT/build/CMakeFiles/CMakeTmp'
gmake: *** [Makefile:127: cmTC_83936/fast] Error 2


File /home/nicholasweist/cps230/program1/cps230-prog1-AspiringIT/build/CMakeFiles/CMakeTmp/CheckSymbolExists.c:
/* */
#include <math.h>

int main(int argc, char** argv)
{
  (void)argv;
#ifndef floorf
  return ((int*)(&floorf))[argc];
#else
  (void)argc;
  return 0;
#endif
}
Determining if the floorf exist failed with the following output:
Change Dir: /home/nicholasweist/cps230/program1/cps230-prog1-AspiringIT/build/CMakeFiles/CMakeTmp

Run Build Command(s):/usr/bin/gmake -f Makefile cmTC_3e0a9/fast && /usr/bin/gmake  -f CMakeFiles/cmTC_3e0a9.dir/build.make CMakeFiles/cmTC_3e0a9.dir/build
gmake[1]: Entering directory '/home/nicholasweist/cps230/program1/cps230-prog1-AspiringIT/build/CMakeFiles/CMakeTmp'
Building C object CMakeFiles/cmTC_3e0a9.dir/CheckSymbolExists.c.o
/usr/bin/cc    -o CMakeFiles/cmTC_3e0a9.dir/CheckSymbolExists.c.o -c /home/nicholasweist/cps230/program1/cps230-prog1-AspiringIT/build/CMakeFiles/CMakeTmp/CheckSymbolExists.c
Linking C executable cmTC_3e0a9
/usr/bin/cmake -E cmake_link_script CMakeFiles/cmTC_3e0a9.dir/link.txt --verbose=1
/usr/bin/cc CMakeFiles/cmTC_3e0a9.dir/CheckSymbolExists.c.o -o cmTC_3e0a9 
/usr/bin/ld: CMakeFiles/cmTC_3e0a9.dir/CheckSymbolExists.c.o: in function `main':
CheckSymbolExists.c:(.text+0x1f): undefined reference to `floorf'
collect2: error: ld returned 1 exit status
gmake[1]: *** [CMakeFiles/cmTC_3e0a9.dir/build.make:99: cmTC_3e0a9] Error 1
gmake[1]: Leaving directory '/home/nicholasweist/cps230/program1/cps230-prog1-AspiringIT/build/CMakeFiles/CMakeTmp'
gmake: *** [Makefile:127: cmTC_3e0a9/fast] Error 2


File /home/nicholasweist/cps230/program1/cps230-prog1-AspiringIT/build/CMakeFiles/CMakeTmp/CheckSymbolExists.c:
/* */
#include <math.h>

int main(int argc, char** argv)
{
  (void)argv;
#ifndef floorf
  return ((int*)(&floorf))[argc];
#else
  (void)argc;
  return 0;
#endif
}
Determining if the floorf exist failed with the following output:
Change Dir: /home/nicholasweist/cps230/program1/cps230-prog1-AspiringIT/build/CMakeFiles/CMakeTmp

Run Build Command(s):/usr/bin/gmake -f Makefile cmTC_99cbd/fast && /usr/bin/gmake  -f CMakeFiles/cmTC_99cbd.dir/build.make CMakeFiles/cmTC_99cbd.dir/build
gmake[1]: Entering directory '/home/nicholasweist/cps230/program1/cps230-prog1-AspiringIT/build/CMakeFiles/CMakeTmp'
Building C object CMakeFiles/cmTC_99cbd.dir/CheckSymbolExists.c.o
/usr/bin/cc    -o CMakeFiles/cmTC_99cbd.dir/CheckSymbolExists.c.o -c /home/nicholasweist/cps230/program1/cps230-prog1-AspiringIT/build/CMakeFiles/CMakeTmp/CheckSymbolExists.c
Linking C executable cmTC_99cbd
/usr/bin/cmake -E cmake_link_script CMakeFiles/cmTC_99cbd.dir/link.txt --verbose=1
/usr/bin/cc CMakeFiles/cmTC_99cbd.dir/CheckSymbolExists.c.o -o cmTC_99cbd 
/usr/bin/ld: CMakeFiles/cmTC_99cbd.dir/CheckSymbolExists.c.o: in function `main':
CheckSymbolExists.c:(.text+0x1f): undefined reference to `floorf'
collect2: error: ld returned 1 exit status
gmake[1]: *** [CMakeFiles/cmTC_99cbd.dir/build.make:99: cmTC_99cbd] Error 1
gmake[1]: Leaving directory '/home/nicholasweist/cps230/program1/cps230-prog1-AspiringIT/build/CMakeFiles/CMakeTmp'
gmake: *** [Makefile:127: cmTC_99cbd/fast] Error 2


File /home/nicholasweist/cps230/program1/cps230-prog1-AspiringIT/build/CMakeFiles/CMakeTmp/CheckSymbolExists.c:
/* */
#include <math.h>

int main(int argc, char** argv)
{
  (void)argv;
#ifndef floorf
  return ((int*)(&floorf))[argc];
#else
  (void)argc;
  return 0;
#endif
}
Determining if the floorf exist failed with the following output:
Change Dir: /home/nicholasweist/cps230/program1/cps230-prog1-AspiringIT/build/CMakeFiles/CMakeTmp

Run Build Command(s):/usr/bin/gmake -f Makefile cmTC_a4d7a/fast && /usr/bin/gmake  -f CMakeFiles/cmTC_a4d7a.dir/build.make CMakeFiles/cmTC_a4d7a.dir/build
gmake[1]: Entering directory '/home/nicholasweist/cps230/program1/cps230-prog1-AspiringIT/build/CMakeFiles/CMakeTmp'
Building C object CMakeFiles/cmTC_a4d7a.dir/CheckSymbolExists.c.o
/usr/bin/cc    -o CMakeFiles/cmTC_a4d7a.dir/CheckSymbolExists.c.o -c /home/nicholasweist/cps230/program1/cps230-prog1-AspiringIT/build/CMakeFiles/CMakeTmp/CheckSymbolExists.c
Linking C executable cmTC_a4d7a
/usr/bin/cmake -E cmake_link_script CMakeFiles/cmTC_a4d7a.dir/link.txt --verbose=1
/usr/bin/cc CMakeFiles/cmTC_a4d7a.dir/CheckSymbolExists.c.o -o cmTC_a4d7a 
/usr/bin/ld: CMakeFiles/cmTC_a4d7a.dir/CheckSymbolExists.c.o: in function `main':
CheckSymbolExists.c:(.text+0x1f): undefined reference to `floorf'
collect2: error: ld returned 1 exit status
gmake[1]: *** [CMakeFiles/cmTC_a4d7a.dir/build.make:99: cmTC_a4d7a] Error 1
gmake[1]: Leaving directory '/home/nicholasweist/cps230/program1/cps230-prog1-AspiringIT/build/CMakeFiles/CMakeTmp'
gmake: *** [Makefile:127: cmTC_a4d7a/fast] Error 2


File /home/nicholasweist/cps230/program1/cps230-prog1-AspiringIT/build/CMakeFiles/CMakeTmp/CheckSymbolExists.c:
/* */
#include <math.h>

int main(int argc, char** argv)
{
  (void)argv;
#ifndef floorf
  return ((int*)(&floorf))[argc];
#else
  (void)argc;
  return 0;
#endif
}
Determining if the floorf exist failed with the following output:
Change Dir: /home/nicholasweist/cps230/program1/cps230-prog1-AspiringIT/build/CMakeFiles/CMakeTmp

Run Build Command(s):/usr/bin/gmake -f Makefile cmTC_7f1cd/fast && /usr/bin/gmake  -f CMakeFiles/cmTC_7f1cd.dir/build.make CMakeFiles/cmTC_7f1cd.dir/build
gmake[1]: Entering directory '/home/nicholasweist/cps230/program1/cps230-prog1-AspiringIT/build/CMakeFiles/CMakeTmp'
Building C object CMakeFiles/cmTC_7f1cd.dir/CheckSymbolExists.c.o
/usr/bin/cc    -o CMakeFiles/cmTC_7f1cd.dir/CheckSymbolExists.c.o -c /home/nicholasweist/cps230/program1/cps230-prog1-AspiringIT/build/CMakeFiles/CMakeTmp/CheckSymbolExists.c
Linking C executable cmTC_7f1cd
/usr/bin/cmake -E cmake_link_script CMakeFiles/cmTC_7f1cd.dir/link.txt --verbose=1
/usr/bin/cc CMakeFiles/cmTC_7f1cd.dir/CheckSymbolExists.c.o -o cmTC_7f1cd 
/usr/bin/ld: CMakeFiles/cmTC_7f1cd.dir/CheckSymbolExists.c.o: in function `main':
CheckSymbolExists.c:(.text+0x1f): undefined reference to `floorf'
collect2: error: ld returned 1 exit status
gmake[1]: *** [CMakeFiles/cmTC_7f1cd.dir/build.make:99: cmTC_7f1cd] Error 1
gmake[1]: Leaving directory '/home/nicholasweist/cps230/program1/cps230-prog1-AspiringIT/build/CMakeFiles/CMakeTmp'
gmake: *** [Makefile:127: cmTC_7f1cd/fast] Error 2


File /home/nicholasweist/cps230/program1/cps230-prog1-AspiringIT/build/CMakeFiles/CMakeTmp/CheckSymbolExists.c:
/* */
#include <math.h>

int main(int argc, char** argv)
{
  (void)argv;
#ifndef floorf
  return ((int*)(&floorf))[argc];
#else
  (void)argc;
  return 0;
#endif
}
Determining if the floorf exist failed with the following output:
Change Dir: /home/nicholasweist/cps230/program1/cps230-prog1-AspiringIT/build/CMakeFiles/CMakeTmp

Run Build Command(s):/usr/bin/gmake -f Makefile cmTC_63d6c/fast && /usr/bin/gmake  -f CMakeFiles/cmTC_63d6c.dir/build.make CMakeFiles/cmTC_63d6c.dir/build
gmake[1]: Entering directory '/home/nicholasweist/cps230/program1/cps230-prog1-AspiringIT/build/CMakeFiles/CMakeTmp'
Building C object CMakeFiles/cmTC_63d6c.dir/CheckSymbolExists.c.o
/usr/bin/cc    -o CMakeFiles/cmTC_63d6c.dir/CheckSymbolExists.c.o -c /home/nicholasweist/cps230/program1/cps230-prog1-AspiringIT/build/CMakeFiles/CMakeTmp/CheckSymbolExists.c
Linking C executable cmTC_63d6c
/usr/bin/cmake -E cmake_link_script CMakeFiles/cmTC_63d6c.dir/link.txt --verbose=1
/usr/bin/cc CMakeFiles/cmTC_63d6c.dir/CheckSymbolExists.c.o -o cmTC_63d6c 
/usr/bin/ld: CMakeFiles/cmTC_63d6c.dir/CheckSymbolExists.c.o: in function `main':
CheckSymbolExists.c:(.text+0x1f): undefined reference to `floorf'
collect2: error: ld returned 1 exit status
gmake[1]: *** [CMakeFiles/cmTC_63d6c.dir/build.make:99: cmTC_63d6c] Error 1
gmake[1]: Leaving directory '/home/nicholasweist/cps230/program1/cps230-prog1-AspiringIT/build/CMakeFiles/CMakeTmp'
gmake: *** [Makefile:127: cmTC_63d6c/fast] Error 2


File /home/nicholasweist/cps230/program1/cps230-prog1-AspiringIT/build/CMakeFiles/CMakeTmp/CheckSymbolExists.c:
/* */
#include <math.h>

int main(int argc, char** argv)
{
  (void)argv;
#ifndef floorf
  return ((int*)(&floorf))[argc];
#else
  (void)argc;
  return 0;
#endif
}
Determining if the floorf exist failed with the following output:
Change Dir: /home/nicholasweist/cps230/program1/cps230-prog1-AspiringIT/build/CMakeFiles/CMakeTmp

Run Build Command(s):/usr/bin/gmake -f Makefile cmTC_58a03/fast && /usr/bin/gmake  -f CMakeFiles/cmTC_58a03.dir/build.make CMakeFiles/cmTC_58a03.dir/build
gmake[1]: Entering directory '/home/nicholasweist/cps230/program1/cps230-prog1-AspiringIT/build/CMakeFiles/CMakeTmp'
Building C object CMakeFiles/cmTC_58a03.dir/CheckSymbolExists.c.o
/usr/bin/cc    -o CMakeFiles/cmTC_58a03.dir/CheckSymbolExists.c.o -c /home/nicholasweist/cps230/program1/cps230-prog1-AspiringIT/build/CMakeFiles/CMakeTmp/CheckSymbolExists.c
Linking C executable cmTC_58a03
/usr/bin/cmake -E cmake_link_script CMakeFiles/cmTC_58a03.dir/link.txt --verbose=1
/usr/bin/cc CMakeFiles/cmTC_58a03.dir/CheckSymbolExists.c.o -o cmTC_58a03 
/usr/bin/ld: CMakeFiles/cmTC_58a03.dir/CheckSymbolExists.c.o: in function `main':
CheckSymbolExists.c:(.text+0x1f): undefined reference to `floorf'
collect2: error: ld returned 1 exit status
gmake[1]: *** [CMakeFiles/cmTC_58a03.dir/build.make:99: cmTC_58a03] Error 1
gmake[1]: Leaving directory '/home/nicholasweist/cps230/program1/cps230-prog1-AspiringIT/build/CMakeFiles/CMakeTmp'
gmake: *** [Makefile:127: cmTC_58a03/fast] Error 2


File /home/nicholasweist/cps230/program1/cps230-prog1-AspiringIT/build/CMakeFiles/CMakeTmp/CheckSymbolExists.c:
/* */
#include <math.h>

int main(int argc, char** argv)
{
  (void)argv;
#ifndef floorf
  return ((int*)(&floorf))[argc];
#else
  (void)argc;
  return 0;
#endif
}
Determining if the floorf exist failed with the following output:
Change Dir: /home/nicholasweist/cps230/program1/cps230-prog1-AspiringIT/build/CMakeFiles/CMakeTmp

Run Build Command(s):/usr/bin/gmake -f Makefile cmTC_a82f6/fast && /usr/bin/gmake  -f CMakeFiles/cmTC_a82f6.dir/build.make CMakeFiles/cmTC_a82f6.dir/build
gmake[1]: Entering directory '/home/nicholasweist/cps230/program1/cps230-prog1-AspiringIT/build/CMakeFiles/CMakeTmp'
Building C object CMakeFiles/cmTC_a82f6.dir/CheckSymbolExists.c.o
/usr/bin/cc    -o CMakeFiles/cmTC_a82f6.dir/CheckSymbolExists.c.o -c /home/nicholasweist/cps230/program1/cps230-prog1-AspiringIT/build/CMakeFiles/CMakeTmp/CheckSymbolExists.c
Linking C executable cmTC_a82f6
/usr/bin/cmake -E cmake_link_script CMakeFiles/cmTC_a82f6.dir/link.txt --verbose=1
/usr/bin/cc CMakeFiles/cmTC_a82f6.dir/CheckSymbolExists.c.o -o cmTC_a82f6 
/usr/bin/ld: CMakeFiles/cmTC_a82f6.dir/CheckSymbolExists.c.o: in function `main':
CheckSymbolExists.c:(.text+0x1f): undefined reference to `floorf'
collect2: error: ld returned 1 exit status
gmake[1]: *** [CMakeFiles/cmTC_a82f6.dir/build.make:99: cmTC_a82f6] Error 1
gmake[1]: Leaving directory '/home/nicholasweist/cps230/program1/cps230-prog1-AspiringIT/build/CMakeFiles/CMakeTmp'
gmake: *** [Makefile:127: cmTC_a82f6/fast] Error 2


File /home/nicholasweist/cps230/program1/cps230-prog1-AspiringIT/build/CMakeFiles/CMakeTmp/CheckSymbolExists.c:
/* */
#include <math.h>

int main(int argc, char** argv)
{
  (void)argv;
#ifndef floorf
  return ((int*)(&floorf))[argc];
#else
  (void)argc;
  return 0;
#endif
}
Determining if the floorf exist failed with the following output:
Change Dir: /home/nicholasweist/cps230/program1/cps230-prog1-AspiringIT/build/CMakeFiles/CMakeTmp

Run Build Command(s):/usr/bin/gmake -f Makefile cmTC_f9523/fast && /usr/bin/gmake  -f CMakeFiles/cmTC_f9523.dir/build.make CMakeFiles/cmTC_f9523.dir/build
gmake[1]: Entering directory '/home/nicholasweist/cps230/program1/cps230-prog1-AspiringIT/build/CMakeFiles/CMakeTmp'
Building C object CMakeFiles/cmTC_f9523.dir/CheckSymbolExists.c.o
/usr/bin/cc    -o CMakeFiles/cmTC_f9523.dir/CheckSymbolExists.c.o -c /home/nicholasweist/cps230/program1/cps230-prog1-AspiringIT/build/CMakeFiles/CMakeTmp/CheckSymbolExists.c
Linking C executable cmTC_f9523
/usr/bin/cmake -E cmake_link_script CMakeFiles/cmTC_f9523.dir/link.txt --verbose=1
/usr/bin/cc CMakeFiles/cmTC_f9523.dir/CheckSymbolExists.c.o -o cmTC_f9523 
/usr/bin/ld: CMakeFiles/cmTC_f9523.dir/CheckSymbolExists.c.o: in function `main':
CheckSymbolExists.c:(.text+0x1f): undefined reference to `floorf'
collect2: error: ld returned 1 exit status
gmake[1]: *** [CMakeFiles/cmTC_f9523.dir/build.make:99: cmTC_f9523] Error 1
gmake[1]: Leaving directory '/home/nicholasweist/cps230/program1/cps230-prog1-AspiringIT/build/CMakeFiles/CMakeTmp'
gmake: *** [Makefile:127: cmTC_f9523/fast] Error 2


File /home/nicholasweist/cps230/program1/cps230-prog1-AspiringIT/build/CMakeFiles/CMakeTmp/CheckSymbolExists.c:
/* */
#include <math.h>

int main(int argc, char** argv)
{
  (void)argv;
#ifndef floorf
  return ((int*)(&floorf))[argc];
#else
  (void)argc;
  return 0;
#endif
}
Determining if the floorf exist failed with the following output:
Change Dir: /home/nicholasweist/cps230/program1/cps230-prog1-AspiringIT/build/CMakeFiles/CMakeTmp

Run Build Command(s):/usr/bin/gmake -f Makefile cmTC_f90d0/fast && /usr/bin/gmake  -f CMakeFiles/cmTC_f90d0.dir/build.make CMakeFiles/cmTC_f90d0.dir/build
gmake[1]: Entering directory '/home/nicholasweist/cps230/program1/cps230-prog1-AspiringIT/build/CMakeFiles/CMakeTmp'
Building C object CMakeFiles/cmTC_f90d0.dir/CheckSymbolExists.c.o
/usr/bin/cc    -o CMakeFiles/cmTC_f90d0.dir/CheckSymbolExists.c.o -c /home/nicholasweist/cps230/program1/cps230-prog1-AspiringIT/build/CMakeFiles/CMakeTmp/CheckSymbolExists.c
Linking C executable cmTC_f90d0
/usr/bin/cmake -E cmake_link_script CMakeFiles/cmTC_f90d0.dir/link.txt --verbose=1
/usr/bin/cc CMakeFiles/cmTC_f90d0.dir/CheckSymbolExists.c.o -o cmTC_f90d0 
/usr/bin/ld: CMakeFiles/cmTC_f90d0.dir/CheckSymbolExists.c.o: in function `main':
CheckSymbolExists.c:(.text+0x1f): undefined reference to `floorf'
collect2: error: ld returned 1 exit status
gmake[1]: *** [CMakeFiles/cmTC_f90d0.dir/build.make:99: cmTC_f90d0] Error 1
gmake[1]: Leaving directory '/home/nicholasweist/cps230/program1/cps230-prog1-AspiringIT/build/CMakeFiles/CMakeTmp'
gmake: *** [Makefile:127: cmTC_f90d0/fast] Error 2


File /home/nicholasweist/cps230/program1/cps230-prog1-AspiringIT/build/CMakeFiles/CMakeTmp/CheckSymbolExists.c:
/* */
#include <math.h>

int main(int argc, char** argv)
{
  (void)argv;
#ifndef floorf
  return ((int*)(&floorf))[argc];
#else
  (void)argc;
  return 0;
#endif
}
Determining if the floorf exist failed with the following output:
Change Dir: /home/nicholasweist/cps230/program1/cps230-prog1-AspiringIT/build/CMakeFiles/CMakeTmp

Run Build Command(s):/usr/bin/gmake -f Makefile cmTC_f51c7/fast && /usr/bin/gmake  -f CMakeFiles/cmTC_f51c7.dir/build.make CMakeFiles/cmTC_f51c7.dir/build
gmake[1]: Entering directory '/home/nicholasweist/cps230/program1/cps230-prog1-AspiringIT/build/CMakeFiles/CMakeTmp'
Building C object CMakeFiles/cmTC_f51c7.dir/CheckSymbolExists.c.o
/usr/bin/cc    -o CMakeFiles/cmTC_f51c7.dir/CheckSymbolExists.c.o -c /home/nicholasweist/cps230/program1/cps230-prog1-AspiringIT/build/CMakeFiles/CMakeTmp/CheckSymbolExists.c
Linking C executable cmTC_f51c7
/usr/bin/cmake -E cmake_link_script CMakeFiles/cmTC_f51c7.dir/link.txt --verbose=1
/usr/bin/cc CMakeFiles/cmTC_f51c7.dir/CheckSymbolExists.c.o -o cmTC_f51c7 
/usr/bin/ld: CMakeFiles/cmTC_f51c7.dir/CheckSymbolExists.c.o: in function `main':
CheckSymbolExists.c:(.text+0x1f): undefined reference to `floorf'
collect2: error: ld returned 1 exit status
gmake[1]: *** [CMakeFiles/cmTC_f51c7.dir/build.make:99: cmTC_f51c7] Error 1
gmake[1]: Leaving directory '/home/nicholasweist/cps230/program1/cps230-prog1-AspiringIT/build/CMakeFiles/CMakeTmp'
gmake: *** [Makefile:127: cmTC_f51c7/fast] Error 2


File /home/nicholasweist/cps230/program1/cps230-prog1-AspiringIT/build/CMakeFiles/CMakeTmp/CheckSymbolExists.c:
/* */
#include <math.h>

int main(int argc, char** argv)
{
  (void)argv;
#ifndef floorf
  return ((int*)(&floorf))[argc];
#else
  (void)argc;
  return 0;
#endif
}
Determining if the floorf exist failed with the following output:
Change Dir: /home/nicholasweist/cps230/program1/cps230-prog1-AspiringIT/build/CMakeFiles/CMakeTmp

Run Build Command(s):/usr/bin/gmake -f Makefile cmTC_7805f/fast && /usr/bin/gmake  -f CMakeFiles/cmTC_7805f.dir/build.make CMakeFiles/cmTC_7805f.dir/build
gmake[1]: Entering directory '/home/nicholasweist/cps230/program1/cps230-prog1-AspiringIT/build/CMakeFiles/CMakeTmp'
Building C object CMakeFiles/cmTC_7805f.dir/CheckSymbolExists.c.o
/usr/bin/cc    -o CMakeFiles/cmTC_7805f.dir/CheckSymbolExists.c.o -c /home/nicholasweist/cps230/program1/cps230-prog1-AspiringIT/build/CMakeFiles/CMakeTmp/CheckSymbolExists.c
Linking C executable cmTC_7805f
/usr/bin/cmake -E cmake_link_script CMakeFiles/cmTC_7805f.dir/link.txt --verbose=1
/usr/bin/cc CMakeFiles/cmTC_7805f.dir/CheckSymbolExists.c.o -o cmTC_7805f 
/usr/bin/ld: CMakeFiles/cmTC_7805f.dir/CheckSymbolExists.c.o: in function `main':
CheckSymbolExists.c:(.text+0x1f): undefined reference to `floorf'
collect2: error: ld returned 1 exit status
gmake[1]: *** [CMakeFiles/cmTC_7805f.dir/build.make:99: cmTC_7805f] Error 1
gmake[1]: Leaving directory '/home/nicholasweist/cps230/program1/cps230-prog1-AspiringIT/build/CMakeFiles/CMakeTmp'
gmake: *** [Makefile:127: cmTC_7805f/fast] Error 2


File /home/nicholasweist/cps230/program1/cps230-prog1-AspiringIT/build/CMakeFiles/CMakeTmp/CheckSymbolExists.c:
/* */
#include <math.h>

int main(int argc, char** argv)
{
  (void)argv;
#ifndef floorf
  return ((int*)(&floorf))[argc];
#else
  (void)argc;
  return 0;
#endif
}
